#
# A fatal error has been detected by the Java Runtime Environment:
#
#  EXCEPTION_ACCESS_VIOLATION (0xc0000005) at pc=0x0000000072edeb40, pid=4828, tid=7228
#
# JRE version: Java(TM) SE Runtime Environment (8.0_91-b15) (build 1.8.0_91-b15)
# Java VM: Java HotSpot(TM) 64-Bit Server VM (25.91-b15 mixed mode windows-amd64 compressed oops)
# Problematic frame:
# V  [jvm.dll+0xaeb40]
#
# Failed to write core dump. Minidumps are not enabled by default on client versions of Windows
#
# If you would like to submit a bug report, please visit:
#   http://bugreport.java.com/bugreport/crash.jsp
#

---------------  T H R E A D  ---------------

Current thread (0x0000000017377800):  VMThread [stack: 0x0000000018410000,0x0000000018510000] [id=7228]

siginfo: ExceptionCode=0xc0000005, reading address 0x000000010309c2d0

Registers:
RAX=0x0000000012610000, RBX=0x000000008676f368, RCX=0x000000008676f368, RDX=0x000000010309c2c8
RSP=0x000000001850ec78, RBP=0x000000000277b820, RSI=0x000000008665e220, RDI=0x000000008676f368
R8 =0x0000000000033b79, R9 =0x000000000277b820, R10=0x000000000000000b, R11=0x0000000086770978
R12=0x000000008665e9a0, R13=0x000000000000ec00, R14=0x0000000086623990, R15=0x0000000000010000
RIP=0x0000000072edeb40, EFLAGS=0x0000000000010202

Top of Stack: (sp=0x000000001850ec78)
0x000000001850ec78:   0000000072f3a027 0000000086770978
0x000000001850ec88:   000000000277b820 000000008665e210
0x000000001850ec98:   0000000000000004 000000008676f368
0x000000001850eca8:   0000000072f6932a 0000000000000475
0x000000001850ecb8:   0000000072f43866 000000008678ef60
0x000000001850ecc8:   000000008678ef54 0000000000000011
0x000000001850ecd8:   000000007304bab2 0000000000000000
0x000000001850ece8:   0000000000000000 00000000205bb5d0
0x000000001850ecf8:   000000000000ea00 0000000000000475
0x000000001850ed08:   0000000073223c4a 000000000277b820
0x000000001850ed18:   0000000086623990 0000000017376950
0x000000001850ed28:   0000000017376950 00010b2c00000000
0x000000001850ed38:   00010b2d00000000 0000000000000000
0x000000001850ed48:   0000000086623990 000000000000ea00
0x000000001850ed58:   0000000072f41d85 0000000017db6518
0x000000001850ed68:   000000009c089fc8 000000001850efd0 

Instructions: (pc=0x0000000072edeb40)
0x0000000072edeb20:   4c ab 1d 00 48 8b 9c 24 d0 00 00 00 48 81 c4 c0
0x0000000072edeb30:   00 00 00 5d c3 cc cc cc cc cc cc cc cc cc cc cc
0x0000000072edeb40:   44 8b 42 08 4c 8b ca 45 85 c0 7e 0e 41 f6 c0 01
0x0000000072edeb50:   75 57 41 c1 f8 03 41 8b c0 c3 79 4d 80 3d ce 50 


Register to memory mapping:

RAX=0x0000000012610000 is an unknown value
RBX=
[error occurred during error reporting (printing register info), id 0xc0000005]

Stack: [0x0000000018410000,0x0000000018510000],  sp=0x000000001850ec78,  free space=1019k
Native frames: (J=compiled Java code, j=interpreted, Vv=VM code, C=native code)
V  [jvm.dll+0xaeb40]

VM_Operation (0x000000005a2cdd20): ParallelGCFailedAllocation, mode: safepoint, requested by thread 0x00000000209ed000


---------------  P R O C E S S  ---------------

Java Threads: ( => current thread )
  0x00000000209ed000 JavaThread "Task worker Thread 3" [_thread_blocked, id=9496, stack(0x000000005a1d0000,0x000000005a2d0000)]
  0x00000000209f1800 JavaThread "Task worker Thread 2" [_thread_blocked, id=4080, stack(0x000000005a0d0000,0x000000005a1d0000)]
  0x000000001c2bf000 JavaThread "Task worker" [_thread_blocked, id=9504, stack(0x0000000059fd0000,0x000000005a0d0000)]
  0x000000001c2c1800 JavaThread "Stdin handler" [_thread_blocked, id=7268, stack(0x0000000059ed0000,0x0000000059fd0000)]
  0x000000001c2c3000 JavaThread "Daemon worker Thread 38" [_thread_blocked, id=3532, stack(0x0000000059dd0000,0x0000000059ed0000)]
  0x000000001c2c0800 JavaThread "Cancel handler" [_thread_blocked, id=9308, stack(0x0000000059cd0000,0x0000000059dd0000)]
  0x000000001c2c5000 JavaThread "Handler for socket connection from /127.0.0.1:3690 to /127.0.0.1:61612" [_thread_in_native, id=9328, stack(0x0000000059bd0000,0x0000000059cd0000)]
  0x000000001c2bb800 JavaThread "Daemon Thread 38" [_thread_blocked, id=9916, stack(0x0000000059ad0000,0x0000000059bd0000)]
  0x000000001c2b8800 JavaThread "pool-3-thread-4" [_thread_blocked, id=2240, stack(0x000000002bcd0000,0x000000002bdd0000)]
  0x000000001c2bd800 JavaThread "pool-3-thread-3" [_thread_blocked, id=1580, stack(0x000000002bbd0000,0x000000002bcd0000)]
  0x000000001e6ac000 JavaThread "pool-3-thread-2" [_thread_blocked, id=2464, stack(0x000000002bad0000,0x000000002bbd0000)]
  0x000000001e6af000 JavaThread "pool-3-thread-1" [_thread_blocked, id=3420, stack(0x000000002b9d0000,0x000000002bad0000)]
  0x000000001cb8a000 JavaThread "File lock request listener" [_thread_in_native, id=7256, stack(0x000000001dd40000,0x000000001de40000)]
  0x0000000019e86800 JavaThread "Incoming local TCP Connector on port 3690" [_thread_in_native, id=6312, stack(0x000000001aec0000,0x000000001afc0000)]
  0x0000000018d20800 JavaThread "Service Thread" daemon [_thread_blocked, id=828, stack(0x00000000190f0000,0x00000000191f0000)]
  0x00000000173b6800 JavaThread "C1 CompilerThread2" daemon [_thread_blocked, id=3528, stack(0x0000000018bf0000,0x0000000018cf0000)]
  0x00000000173b1800 JavaThread "C2 CompilerThread1" daemon [_thread_blocked, id=8052, stack(0x0000000018af0000,0x0000000018bf0000)]
  0x00000000173ae800 JavaThread "C2 CompilerThread0" daemon [_thread_blocked, id=804, stack(0x00000000189f0000,0x0000000018af0000)]
  0x00000000173ad000 JavaThread "Attach Listener" daemon [_thread_blocked, id=6700, stack(0x00000000188f0000,0x00000000189f0000)]
  0x00000000173ac000 JavaThread "Signal Dispatcher" daemon [_thread_blocked, id=7112, stack(0x00000000187f0000,0x00000000188f0000)]
  0x000000001739a800 JavaThread "Finalizer" daemon [_thread_blocked, id=6840, stack(0x0000000018610000,0x0000000018710000)]
  0x0000000002780000 JavaThread "Reference Handler" daemon [_thread_blocked, id=6824, stack(0x0000000018510000,0x0000000018610000)]
  0x0000000000c0e800 JavaThread "main" [_thread_blocked, id=7916, stack(0x0000000002590000,0x0000000002690000)]

Other Threads:
=>0x0000000017377800 VMThread [stack: 0x0000000018410000,0x0000000018510000] [id=7228]
  0x0000000018d22000 WatcherThread [stack: 0x00000000191f0000,0x00000000192f0000] [id=3700]

VM state:at safepoint (normal execution)

VM Mutex/Monitor currently owned by a thread:  ([mutex/lock_event])
[0x0000000000c0d3d0] Threads_lock - owner thread: 0x0000000017377800
[0x0000000000c0dfd0] Heap_lock - owner thread: 0x00000000209ed000

Heap:
 PSYoungGen      total 465920K, used 36597K [0x00000000d5580000, 0x0000000100000000, 0x0000000100000000)
  eden space 232960K, 0% used [0x00000000d5580000,0x00000000d5580000,0x00000000e3900000)
  from space 232960K, 15% used [0x00000000e3900000,0x00000000e5cbd4b8,0x00000000f1c80000)
  to   space 232960K, 0% used [0x00000000f1c80000,0x00000000f1c80000,0x0000000100000000)
 ParOldGen       total 949760K, used 936568K [0x0000000080000000, 0x00000000b9f80000, 0x00000000d5580000)
  object space 949760K, 98% used [0x0000000080000000,0x00000000b929e2c0,0x00000000b9f80000)
 Metaspace       used 121622K, capacity 128576K, committed 128896K, reserved 1163264K
  class space    used 14336K, capacity 15144K, committed 15232K, reserved 1048576K

Card table byte_map: [0x0000000011b50000,0x0000000011f60000] byte_map_base: 0x0000000011750000

Marking Bits: (ParMarkBitMap*) 0x0000000073642f70
 Begin Bits: [0x0000000012610000, 0x0000000014610000)
 End Bits:   [0x0000000014610000, 0x0000000016610000)

Polling page: 0x00000000008e0000

CodeCache: size=245760Kb used=113290Kb max_used=113675Kb free=132469Kb
 bounds [0x0000000002790000, 0x0000000009750000, 0x0000000011790000]
 total_blobs=27909 nmethods=27073 adapters=745
 compilation: enabled

Compilation events (10 events):
Event: 29492.064 Thread 0x00000000173ae800 46255       4       com.sun.tools.javac.code.Type$ArrayType::makeVarargs (17 bytes)
Event: 29492.065 Thread 0x00000000173ae800 nmethod 46255 0x0000000009514a90 code [0x0000000009514be0, 0x0000000009514cd8]
Event: 29498.164 Thread 0x00000000173b1800 46256       4       com.sun.tools.javac.comp.Lower::visitUnary (254 bytes)
Event: 29498.179 Thread 0x00000000173b1800 nmethod 46256 0x0000000009507ed0 code [0x00000000095080a0, 0x0000000009508950]
Event: 29498.339 Thread 0x00000000173ae800 46257       4       com.sun.tools.javac.jvm.Code::emit4 (136 bytes)
Event: 29498.355 Thread 0x00000000173ae800 nmethod 46257 0x00000000093b07d0 code [0x00000000093b0960, 0x00000000093b1458]
Event: 29499.574 Thread 0x00000000173b1800 46258       4       com.sun.tools.javac.code.Symbol::isEnclosedBy (27 bytes)
Event: 29499.575 Thread 0x00000000173b1800 nmethod 46258 0x0000000002dfd2d0 code [0x0000000002dfd400, 0x0000000002dfd498]
Event: 29499.630 Thread 0x00000000173b6800 46259       3       java.util.ResourceBundle$CacheKey::<init> (47 bytes)
Event: 29499.631 Thread 0x00000000173b6800 nmethod 46259 0x0000000009507550 code [0x0000000009507700, 0x0000000009507c48]

GC Heap History (10 events):
Event: 19597.522 GC heap after
Heap after GC invocations=369 (full 49):
 PSYoungGen      total 465920K, used 13717K [0x00000000d5580000, 0x0000000100000000, 0x0000000100000000)
  eden space 232960K, 0% used [0x00000000d5580000,0x00000000d5580000,0x00000000e3900000)
  from space 232960K, 5% used [0x00000000f1c80000,0x00000000f29e55d8,0x0000000100000000)
  to   space 232960K, 0% used [0x00000000e3900000,0x00000000e3900000,0x00000000f1c80000)
 ParOldGen       total 949760K, used 846099K [0x0000000080000000, 0x00000000b9f80000, 0x00000000d5580000)
  object space 949760K, 89% used [0x0000000080000000,0x00000000b3a44f88,0x00000000b9f80000)
 Metaspace       used 117455K, capacity 124276K, committed 128384K, reserved 1163264K
  class space    used 13839K, capacity 14636K, committed 15232K, reserved 1048576K
}
Event: 19597.522 GC heap before
{Heap before GC invocations=370 (full 50):
 PSYoungGen      total 465920K, used 13717K [0x00000000d5580000, 0x0000000100000000, 0x0000000100000000)
  eden space 232960K, 0% used [0x00000000d5580000,0x00000000d5580000,0x00000000e3900000)
  from space 232960K, 5% used [0x00000000f1c80000,0x00000000f29e55d8,0x0000000100000000)
  to   space 232960K, 0% used [0x00000000e3900000,0x00000000e3900000,0x00000000f1c80000)
 ParOldGen       total 949760K, used 846099K [0x0000000080000000, 0x00000000b9f80000, 0x00000000d5580000)
  object space 949760K, 89% used [0x0000000080000000,0x00000000b3a44f88,0x00000000b9f80000)
 Metaspace       used 117455K, capacity 124276K, committed 128384K, reserved 1163264K
  class space    used 13839K, capacity 14636K, committed 15232K, reserved 1048576K
Event: 19601.208 GC heap after
Heap after GC invocations=370 (full 50):
 PSYoungGen      total 465920K, used 0K [0x00000000d5580000, 0x0000000100000000, 0x0000000100000000)
  eden space 232960K, 0% used [0x00000000d5580000,0x00000000d5580000,0x00000000e3900000)
  from space 232960K, 0% used [0x00000000f1c80000,0x00000000f1c80000,0x0000000100000000)
  to   space 232960K, 0% used [0x00000000e3900000,0x00000000e3900000,0x00000000f1c80000)
 ParOldGen       total 949760K, used 839085K [0x0000000080000000, 0x00000000b9f80000, 0x00000000d5580000)
  object space 949760K, 88% used [0x0000000080000000,0x00000000b336b6a0,0x00000000b9f80000)
 Metaspace       used 117455K, capacity 124276K, committed 128384K, reserved 1163264K
  class space    used 13839K, capacity 14636K, committed 15232K, reserved 1048576K
}
Event: 29489.637 GC heap before
{Heap before GC invocations=371 (full 50):
 PSYoungGen      total 465920K, used 232960K [0x00000000d5580000, 0x0000000100000000, 0x0000000100000000)
  eden space 232960K, 100% used [0x00000000d5580000,0x00000000e3900000,0x00000000e3900000)
  from space 232960K, 0% used [0x00000000f1c80000,0x00000000f1c80000,0x0000000100000000)
  to   space 232960K, 0% used [0x00000000e3900000,0x00000000e3900000,0x00000000f1c80000)
 ParOldGen       total 949760K, used 839085K [0x0000000080000000, 0x00000000b9f80000, 0x00000000d5580000)
  object space 949760K, 88% used [0x0000000080000000,0x00000000b336b6a0,0x00000000b9f80000)
 Metaspace       used 117510K, capacity 124364K, committed 128384K, reserved 1163264K
  class space    used 13847K, capacity 14644K, committed 15232K, reserved 1048576K
Event: 29490.225 GC heap after
Heap after GC invocations=371 (full 50):
 PSYoungGen      total 465920K, used 22325K [0x00000000d5580000, 0x0000000100000000, 0x0000000100000000)
  eden space 232960K, 0% used [0x00000000d5580000,0x00000000d5580000,0x00000000e3900000)
  from space 232960K, 9% used [0x00000000e3900000,0x00000000e4ecd6e8,0x00000000f1c80000)
  to   space 232960K, 0% used [0x00000000f1c80000,0x00000000f1c80000,0x0000000100000000)
 ParOldGen       total 949760K, used 839085K [0x0000000080000000, 0x00000000b9f80000, 0x00000000d5580000)
  object space 949760K, 88% used [0x0000000080000000,0x00000000b336b6a0,0x00000000b9f80000)
 Metaspace       used 117510K, capacity 124364K, committed 128384K, reserved 1163264K
  class space    used 13847K, capacity 14644K, committed 15232K, reserved 1048576K
}
Event: 29492.318 GC heap before
{Heap before GC invocations=372 (full 50):
 PSYoungGen      total 465920K, used 255285K [0x00000000d5580000, 0x0000000100000000, 0x0000000100000000)
  eden space 232960K, 100% used [0x00000000d5580000,0x00000000e3900000,0x00000000e3900000)
  from space 232960K, 9% used [0x00000000e3900000,0x00000000e4ecd6e8,0x00000000f1c80000)
  to   space 232960K, 0% used [0x00000000f1c80000,0x00000000f1c80000,0x0000000100000000)
 ParOldGen       total 949760K, used 839085K [0x0000000080000000, 0x00000000b9f80000, 0x00000000d5580000)
  object space 949760K, 88% used [0x0000000080000000,0x00000000b336b6a0,0x00000000b9f80000)
 Metaspace       used 121621K, capacity 128576K, committed 128896K, reserved 1163264K
  class space    used 14336K, capacity 15144K, committed 15232K, reserved 1048576K
Event: 29492.602 GC heap after
Heap after GC invocations=372 (full 50):
 PSYoungGen      total 465920K, used 104912K [0x00000000d5580000, 0x0000000100000000, 0x0000000100000000)
  eden space 232960K, 0% used [0x00000000d5580000,0x00000000d5580000,0x00000000e3900000)
  from space 232960K, 45% used [0x00000000f1c80000,0x00000000f82f41d0,0x0000000100000000)
  to   space 232960K, 0% used [0x00000000e3900000,0x00000000e3900000,0x00000000f1c80000)
 ParOldGen       total 949760K, used 839093K [0x0000000080000000, 0x00000000b9f80000, 0x00000000d5580000)
  object space 949760K, 88% used [0x0000000080000000,0x00000000b336d6a0,0x00000000b9f80000)
 Metaspace       used 121621K, capacity 128576K, committed 128896K, reserved 1163264K
  class space    used 14336K, capacity 15144K, committed 15232K, reserved 1048576K
}
Event: 29499.779 GC heap before
{Heap before GC invocations=373 (full 50):
 PSYoungGen      total 465920K, used 337872K [0x00000000d5580000, 0x0000000100000000, 0x0000000100000000)
  eden space 232960K, 100% used [0x00000000d5580000,0x00000000e3900000,0x00000000e3900000)
  from space 232960K, 45% used [0x00000000f1c80000,0x00000000f82f41d0,0x0000000100000000)
  to   space 232960K, 0% used [0x00000000e3900000,0x00000000e3900000,0x00000000f1c80000)
 ParOldGen       total 949760K, used 839093K [0x0000000080000000, 0x00000000b9f80000, 0x00000000d5580000)
  object space 949760K, 88% used [0x0000000080000000,0x00000000b336d6a0,0x00000000b9f80000)
 Metaspace       used 121622K, capacity 128576K, committed 128896K, reserved 1163264K
  class space    used 14336K, capacity 15144K, committed 15232K, reserved 1048576K
Event: 29500.173 GC heap after
Heap after GC invocations=373 (full 50):
 PSYoungGen      total 465920K, used 36597K [0x00000000d5580000, 0x0000000100000000, 0x0000000100000000)
  eden space 232960K, 0% used [0x00000000d5580000,0x00000000d5580000,0x00000000e3900000)
  from space 232960K, 15% used [0x00000000e3900000,0x00000000e5cbd4b8,0x00000000f1c80000)
  to   space 232960K, 0% used [0x00000000f1c80000,0x00000000f1c80000,0x0000000100000000)
 ParOldGen       total 949760K, used 936568K [0x0000000080000000, 0x00000000b9f80000, 0x00000000d5580000)
  object space 949760K, 98% used [0x0000000080000000,0x00000000b929e2c0,0x00000000b9f80000)
 Metaspace       used 121622K, capacity 128576K, committed 128896K, reserved 1163264K
  class space    used 14336K, capacity 15144K, committed 15232K, reserved 1048576K
}
Event: 29500.173 GC heap before
{Heap before GC invocations=374 (full 51):
 PSYoungGen      total 465920K, used 36597K [0x00000000d5580000, 0x0000000100000000, 0x0000000100000000)
  eden space 232960K, 0% used [0x00000000d5580000,0x00000000d5580000,0x00000000e3900000)
  from space 232960K, 15% used [0x00000000e3900000,0x00000000e5cbd4b8,0x00000000f1c80000)
  to   space 232960K, 0% used [0x00000000f1c80000,0x00000000f1c80000,0x0000000100000000)
 ParOldGen       total 949760K, used 936568K [0x0000000080000000, 0x00000000b9f80000, 0x00000000d5580000)
  object space 949760K, 98% used [0x0000000080000000,0x00000000b929e2c0,0x00000000b9f80000)
 Metaspace       used 121622K, capacity 128576K, committed 128896K, reserved 1163264K
  class space    used 14336K, capacity 15144K, committed 15232K, reserved 1048576K

Deoptimization events (10 events):
Event: 19449.483 Thread 0x00000000209f1800 Uncommon trap: reason=bimorphic action=maybe_recompile pc=0x0000000005006098 method=com.sun.tools.javac.comp.Attr.checkMethodId(Lcom/sun/tools/javac/tree/JCTree;Lcom/sun/tools/javac/code/Type;Lcom/sun/tools/javac/code/Symbol;Lcom/sun/tools/javac/comp/Env;L"ÑEò^þÒ@
Event: 19449.484 Thread 0x00000000209f1800 Uncommon trap: reason=unstable_if action=reinterpret pc=0x0000000004da189c method=com.sun.tools.javac.comp.Attr.check(Lcom/sun/tools/javac/tree/JCTree;Lcom/sun/tools/javac/code/Type;ILcom/sun/tools/javac/comp/Attr$ResultInfo;)Lcom/sun/tools/javac/code/Type±¬òó^þÒ@
Event: 19449.484 Thread 0x00000000209f1800 Uncommon trap: reason=class_check action=maybe_recompile pc=0x000000000489c590 method=com.sun.tools.javac.comp.Attr.visitApply(Lcom/sun/tools/javac/tree/JCTree$JCMethodInvocation;)V @ 678
Event: 19449.493 Thread 0x00000000209f1800 Uncommon trap: reason=unstable_if action=reinterpret pc=0x0000000002f9dbdc method=com.sun.tools.javac.main.JavaCompiler.attribute(Lcom/sun/tools/javac/comp/Env;)Lcom/sun/tools/javac/comp/Env; @ 183
Event: 19449.493 Thread 0x00000000209f1800 Uncommon trap: reason=unstable_if action=reinterpret pc=0x000000000907ebcc method=com.sun.tools.javac.main.JavaCompiler.shouldStop(Lcom/sun/tools/javac/comp/CompileStates$CompileState;)Z @ 4
Event: 19449.493 Thread 0x00000000209f1800 Uncommon trap: reason=unstable_if action=reinterpret pc=0x0000000004badf18 method=com.sun.tools.javac.main.JavaCompiler.shouldStop(Lcom/sun/tools/javac/comp/CompileStates$CompileState;)Z @ 4
Event: 19449.493 Thread 0x00000000209f1800 Uncommon trap: reason=unstable_if action=reinterpret pc=0x0000000004ac6618 method=com.sun.tools.javac.main.JavaCompiler.shouldStop(Lcom/sun/tools/javac/comp/CompileStates$CompileState;)Z @ 4
Event: 19449.493 Thread 0x00000000209f1800 Uncommon trap: reason=unstable_if action=reinterpret pc=0x0000000008dca7a8 method=com.sun.tools.javac.main.JavaCompiler.shouldStop(Lcom/sun/tools/javac/comp/CompileStates$CompileState;)Z @ 4
Event: 19449.839 Thread 0x000000001c2c5000 Uncommon trap: reason=bimorphic action=maybe_recompile pc=0x000000000702ee5c method=org.gradle.logging.internal.AbstractStyledTextOutput.text(Ljava/lang/Object;)Lorg/gradle/logging/StyledTextOutput; @ 11
Event: 19531.656 Thread 0x000000001c2c5000 Uncommon trap: reason=null_check action=make_not_entrant pc=0x0000000009687fe4 method=org.gradle.api.internal.artifacts.ivyservice.ivyresolve.parser.GradlePomModuleDescriptorParser.isDependencyImportScoped(Lorg/gradle/api/internal/artifacts/ivyservice/ivyr„Ìð^þÒ@

Internal exceptions (10 events):
Event: 19531.602 Thread 0x000000001c2c5000 Exception <a 'java/lang/ClassNotFoundException': asLocalRepo2841_98hwcsooavokkszw4yfw5ajvoCustomizer> (0x00000000d6e840f0) thrown at [C:\re\workspace\8-2-build-windows-amd64-cygwin\jdk8u91\7017\hotspot\src\share\vm\classfile\systemDictionary.cpp, line 210]ŸöÅÆÓ@
Event: 19580.028 Thread 0x000000001c2c5000 Exception <a 'java/lang/ClassNotFoundException': asLocalRepo2842_cqymtu5ehaz37p7arf2srmkg9BeanInfo> (0x00000000e22bfeb0) thrown at [C:\re\workspace\8-2-build-windows-amd64-cygwin\jdk8u91\7017\hotspot\src\share\vm\classfile\systemDictionary.cpp, line 210]
Event: 19580.028 Thread 0x000000001c2c5000 Exception <a 'java/lang/ClassNotFoundException': asLocalRepo2842_cqymtu5ehaz37p7arf2srmkg9Customizer> (0x00000000e22c96a8) thrown at [C:\re\workspace\8-2-build-windows-amd64-cygwin\jdk8u91\7017\hotspot\src\share\vm\classfile\systemDictionary.cpp, line 210]ª¯[m Ó@
Event: 19584.272 Thread 0x00000000209fb000 Exception <a 'java/lang/NoSuchMethodError': <clinit>> (0x00000000d79ecef8) thrown at [C:\re\workspace\8-2-build-windows-amd64-cygwin\jdk8u91\7017\hotspot\src\share\vm\prims\jni.cpp, line 1613]
Event: 19584.917 Thread 0x00000000209fb000 Exception <a 'java/lang/ClassNotFoundException': com/sun/org/glassfish/hk2/osgiresourcelocator/ServiceLoader> (0x00000000db559528) thrown at [C:\re\workspace\8-2-build-windows-amd64-cygwin\jdk8u91\7017\hotspot\src\share\vm\classfile\systemDictionary.cpp, l±*yP#Ó@
Event: 19597.252 Thread 0x000000001c2c5000 Exception <a 'java/io/FileNotFoundException'> (0x00000000dff469c0) thrown at [C:\re\workspace\8-2-build-windows-amd64-cygwin\jdk8u91\7017\hotspot\src\share\vm\prims\jni.cpp, line 709]
Event: 29482.375 Thread 0x000000001c2c3000 Exception <a 'java/lang/ClassNotFoundException': asLocalRepo2843_1cbwnzjy08s2n44y9szd37t4xBeanInfo> (0x00000000d5ae6d08) thrown at [C:\re\workspace\8-2-build-windows-amd64-cygwin\jdk8u91\7017\hotspot\src\share\vm\classfile\systemDictionary.cpp, line 210]
Event: 29482.376 Thread 0x000000001c2c3000 Exception <a 'java/lang/ClassNotFoundException': asLocalRepo2843_1cbwnzjy08s2n44y9szd37t4xCustomizer> (0x00000000d5af0500) thrown at [C:\re\workspace\8-2-build-windows-amd64-cygwin\jdk8u91\7017\hotspot\src\share\vm\classfile\systemDictionary.cpp, line 210]e‹’§¶ÌÜ@
Event: 29490.854 Thread 0x00000000209ed000 Exception <a 'java/lang/NoSuchMethodError': <clinit>> (0x00000000da9fc6f8) thrown at [C:\re\workspace\8-2-build-windows-amd64-cygwin\jdk8u91\7017\hotspot\src\share\vm\prims\jni.cpp, line 1613]
Event: 29491.326 Thread 0x00000000209ed000 Exception <a 'java/lang/ClassNotFoundException': com/sun/org/glassfish/hk2/osgiresourcelocator/ServiceLoader> (0x00000000de5910f8) thrown at [C:\re\workspace\8-2-build-windows-amd64-cygwin\jdk8u91\7017\hotspot\src\share\vm\classfile\systemDictionary.cpp, l¹¹‚æÓ@

Events (10 events):
Event: 29492.609 Executing VM operation: RevokeBias
Event: 29492.609 Executing VM operation: RevokeBias done
Event: 29492.609 Executing VM operation: BulkRevokeBias
Event: 29492.610 Executing VM operation: BulkRevokeBias done
Event: 29492.610 Executing VM operation: RevokeBias
Event: 29492.610 Executing VM operation: RevokeBias done
Event: 29492.610 Executing VM operation: RevokeBias
Event: 29492.610 Executing VM operation: RevokeBias done
Event: 29499.576 Thread 0x00000000173b1800 flushing nmethod 0x0000000003176890
Event: 29499.779 Executing VM operation: ParallelGCFailedAllocation


Dynamic libraries:
0x00007ff687df0000 - 0x00007ff687e27000 	C:\Program Files\Java\jdk1.8.0_91\bin\java.exe
0x00007ffcf46d0000 - 0x00007ffcf4891000 	C:\WINDOWS\SYSTEM32\ntdll.dll
0x00007ffcf3330000 - 0x00007ffcf33dd000 	C:\WINDOWS\system32\KERNEL32.DLL
0x00007ffcf0fe0000 - 0x00007ffcf11c8000 	C:\WINDOWS\system32\KERNELBASE.dll
0x00007ffcf4620000 - 0x00007ffcf46c7000 	C:\WINDOWS\system32\ADVAPI32.dll
0x00007ffcf34c0000 - 0x00007ffcf355d000 	C:\WINDOWS\system32\msvcrt.dll
0x00007ffcf3040000 - 0x00007ffcf309b000 	C:\WINDOWS\system32\sechost.dll
0x00007ffcf30a0000 - 0x00007ffcf31bc000 	C:\WINDOWS\system32\RPCRT4.dll
0x00007ffcf3960000 - 0x00007ffcf3ab6000 	C:\WINDOWS\system32\USER32.dll
0x00007ffcf4490000 - 0x00007ffcf4616000 	C:\WINDOWS\system32\GDI32.dll
0x00007ffceb340000 - 0x00007ffceb5b4000 	C:\WINDOWS\WinSxS\amd64_microsoft.windows.common-controls_6595b64144ccf1df_6.0.10586.0_none_8c15ae12515e1c22\COMCTL32.dll
0x00007ffcf3ad0000 - 0x00007ffcf3d4d000 	C:\WINDOWS\system32\combase.dll
0x00007ffcf13a0000 - 0x00007ffcf140a000 	C:\WINDOWS\system32\bcryptPrimitives.dll
0x00007ffcf3560000 - 0x00007ffcf359b000 	C:\WINDOWS\system32\IMM32.DLL
0x00000000736d0000 - 0x00000000737a2000 	C:\Program Files\Java\jdk1.8.0_91\jre\bin\msvcr100.dll
0x0000000072e30000 - 0x00000000736c3000 	C:\Program Files\Java\jdk1.8.0_91\jre\bin\server\jvm.dll
0x00007ffcf3ac0000 - 0x00007ffcf3ac8000 	C:\WINDOWS\system32\PSAPI.DLL
0x00007ffcef3f0000 - 0x00007ffcef413000 	C:\WINDOWS\SYSTEM32\WINMM.dll
0x00007ffcec8e0000 - 0x00007ffcec8ea000 	C:\WINDOWS\SYSTEM32\VERSION.dll
0x00007ffcedd20000 - 0x00007ffcedd29000 	C:\WINDOWS\SYSTEM32\WSOCK32.dll
0x00007ffcf3d70000 - 0x00007ffcf3ddb000 	C:\WINDOWS\system32\WS2_32.dll
0x00007ffcef3c0000 - 0x00007ffcef3ec000 	C:\WINDOWS\SYSTEM32\WINMMBASE.dll
0x00007ffcf1410000 - 0x00007ffcf1453000 	C:\WINDOWS\system32\cfgmgr32.dll
0x0000000072e20000 - 0x0000000072e2f000 	C:\Program Files\Java\jdk1.8.0_91\jre\bin\verify.dll
0x0000000072df0000 - 0x0000000072e19000 	C:\Program Files\Java\jdk1.8.0_91\jre\bin\java.dll
0x0000000072dd0000 - 0x0000000072de6000 	C:\Program Files\Java\jdk1.8.0_91\jre\bin\zip.dll
0x00007ffcf1ad0000 - 0x00007ffcf302c000 	C:\WINDOWS\system32\SHELL32.dll
0x00007ffcf1460000 - 0x00007ffcf1aa4000 	C:\WINDOWS\system32\windows.storage.dll
0x00007ffcf33e0000 - 0x00007ffcf3432000 	C:\WINDOWS\system32\shlwapi.dll
0x00007ffcf0d70000 - 0x00007ffcf0d7f000 	C:\WINDOWS\system32\kernel.appcore.dll
0x00007ffcf1230000 - 0x00007ffcf12e5000 	C:\WINDOWS\system32\shcore.dll
0x00007ffcf0cf0000 - 0x00007ffcf0d3b000 	C:\WINDOWS\system32\powrprof.dll
0x00007ffcf0d40000 - 0x00007ffcf0d54000 	C:\WINDOWS\system32\profapi.dll
0x0000000072db0000 - 0x0000000072dca000 	C:\Program Files\Java\jdk1.8.0_91\jre\bin\net.dll
0x00007ffcf0620000 - 0x00007ffcf067c000 	C:\WINDOWS\system32\mswsock.dll
0x0000000072d90000 - 0x0000000072da1000 	C:\Program Files\Java\jdk1.8.0_91\jre\bin\nio.dll
0x00007ffceaf30000 - 0x00007ffceaf42000 	C:\Users\jek40\.gradle\native\19\windows-amd64\native-platform.dll
0x00007ffceb140000 - 0x00007ffceb178000 	C:\WINDOWS\SYSTEM32\IPHLPAPI.DLL
0x00007ffcf3030000 - 0x00007ffcf3038000 	C:\WINDOWS\system32\NSI.dll
0x00007ffceafd0000 - 0x00007ffceafe6000 	C:\WINDOWS\SYSTEM32\dhcpcsvc6.DLL
0x00007ffceaf80000 - 0x00007ffceaf9a000 	C:\WINDOWS\SYSTEM32\dhcpcsvc.DLL
0x00007ffcf06d0000 - 0x00007ffcf06e7000 	C:\WINDOWS\SYSTEM32\CRYPTSP.dll
0x00007ffcf0360000 - 0x00007ffcf0394000 	C:\WINDOWS\system32\rsaenh.dll
0x00007ffcf08f0000 - 0x00007ffcf0919000 	C:\WINDOWS\SYSTEM32\bcrypt.dll
0x00007ffcf04b0000 - 0x00007ffcf04cf000 	C:\WINDOWS\SYSTEM32\USERENV.dll
0x00007ffcf07f0000 - 0x00007ffcf07fb000 	C:\WINDOWS\SYSTEM32\CRYPTBASE.dll
0x0000000072d80000 - 0x0000000072d8d000 	C:\Program Files\Java\jdk1.8.0_91\jre\bin\management.dll
0x0000000070eb0000 - 0x0000000070ed4000 	C:\Program Files\Java\jdk1.8.0_91\jre\bin\sunec.dll
0x00007ffcef760000 - 0x00007ffcef80a000 	C:\WINDOWS\SYSTEM32\DNSAPI.dll
0x00007ffce8f70000 - 0x00007ffce8f7a000 	C:\Windows\System32\rasadhlp.dll
0x00007ffceac00000 - 0x00007ffceac67000 	C:\WINDOWS\System32\fwpuclnt.dll
0x00007ffce8da0000 - 0x00007ffce8db6000 	C:\WINDOWS\system32\napinsp.dll
0x00007ffce8d80000 - 0x00007ffce8d9a000 	C:\WINDOWS\system32\pnrpnsp.dll
0x00007ffcee600000 - 0x00007ffcee618000 	C:\WINDOWS\system32\NLAapi.dll
0x00007ffce8d70000 - 0x00007ffce8d7d000 	C:\WINDOWS\System32\winrnr.dll
0x00007ffce5310000 - 0x00007ffce549c000 	C:\WINDOWS\SYSTEM32\dbghelp.dll

VM Arguments:
jvm_args: -XX:MaxPermSize=512m -XX:+HeapDumpOnOutOfMemoryError -Xmx2048m -Dfile.encoding=UTF-8 -Duser.country=NZ -Duser.language=en -Duser.variant 
java_command: org.gradle.launcher.daemon.bootstrap.GradleDaemon 2.10
java_class_path (initial): C:\Program Files\Android\Android Studio\gradle\gradle-2.10\lib\gradle-launcher-2.10.jar
Launcher Type: SUN_STANDARD

Environment Variables:
JAVA_HOME=C:\Program Files\Java\jdk1.7.0_79
JRE_HOME=C:\Program Files\Java\jdk1.7.0_79\jre
CLASSPATH=.;C:\Program Files\Java\jdk1.7.0_79\lib;C:\Program Files\Java\jdk1.7.0_79\jre\lib
PATH=C:\ProgramData\Oracle\Java\javapath;C:\WINDOWS\system32;C:\WINDOWS;C:\WINDOWS\System32\Wbem;C:\WINDOWS\System32\WindowsPowerShell\v1.0\;C:\Program Files (x86)\ATI Technologies\ATI.ACE\Core-Static;C:\Program Files\Git\cmd;C:\Program Files\Git\mingw64\bin;C:\Program Files\Git\usr\bin;C:\Program Files\Java\jdk1.7.0_79\bin;C:\Program Files\Java\jdk1.7.0_79\bin;C:\Program Files (x86)\Nmap
USERNAME=jek40
OS=Windows_NT
PROCESSOR_IDENTIFIER=AMD64 Family 21 Model 2 Stepping 0, AuthenticAMD



---------------  S Y S T E M  ---------------

OS: Windows 10.0 , 64 bit Build 10586 (10.0.10586.0)

CPU:total 4 (4 cores per cpu, 1 threads per core) family 21 model 2 stepping 0, cmov, cx8, fxsr, mmx, sse, sse2, sse3, ssse3, sse4.1, sse4.2, popcnt, avx, aes, clmul, mmxext, 3dnowpref, lzcnt, sse4a, tsc, tscinvbit, tscinv, bmi1

Memory: 4k page, physical 8371444k(1698716k free), swap 13090036k(2636000k free)

vm_info: Java HotSpot(TM) 64-Bit Server VM (25.91-b15) for windows-amd64 JRE (1.8.0_91-b15), built on May 20 2016 17:43:15 by "java_re" with MS VC++ 10.0 (VS2010)

time: Mon Jul 11 17:57:26 2016
elapsed time: 29501 seconds (0d 8h 11m 41s)

